C:\MyProgram\Microsoft Visual Studio\2017\Community\Common7\IDE\VC\VCTargets\Microsoft.CppBuild.targets(376,5): warning MSB8004: Intermediate 目录未以斜杠结尾。  此生成实例将添加斜杠，因为必须有这个斜杠才能正确计算 Intermediate 目录。
C:\MyProgram\Microsoft Visual Studio\2017\Community\Common7\IDE\VC\VCTargets\Microsoft.CppBuild.targets(377,5): warning MSB8004: Output 目录未以斜杠结尾。  此生成实例将添加斜杠，因为必须有这个斜杠才能正确计算 Output 目录。
  sobel.cpp
  filter.cpp
  opencl_kernels_imgproc.cpp
  sumpixels.cpp
  templmatch.cpp
  正在生成代码...
    正在创建库 target\sobel.lib 和对象 target\sobel.exp
resize.avx2.obj : error LNK2001: 无法解析的外部符号 "void __cdecl cv::fastFree(void *)" (?fastFree@cv@@YAXPEAX@Z)
resize.sse4_1.obj : error LNK2001: 无法解析的外部符号 "void __cdecl cv::fastFree(void *)" (?fastFree@cv@@YAXPEAX@Z)
sobel.obj : error LNK2001: 无法解析的外部符号 "void __cdecl cv::fastFree(void *)" (?fastFree@cv@@YAXPEAX@Z)
filter.obj : error LNK2001: 无法解析的外部符号 "void __cdecl cv::fastFree(void *)" (?fastFree@cv@@YAXPEAX@Z)
sumpixels.obj : error LNK2001: 无法解析的外部符号 "void __cdecl cv::fastFree(void *)" (?fastFree@cv@@YAXPEAX@Z)
templmatch.obj : error LNK2001: 无法解析的外部符号 "void __cdecl cv::fastFree(void *)" (?fastFree@cv@@YAXPEAX@Z)
sobel.obj : error LNK2019: 无法解析的外部符号 "private: char * __cdecl cv::String::allocate(unsigned __int64)" (?allocate@String@cv@@AEAAPEAD_K@Z)，该符号在函数 "public: __cdecl cv::String::String(char const *)" (??0String@cv@@QEAA@PEBD@Z) 中被引用
filter.obj : error LNK2001: 无法解析的外部符号 "private: char * __cdecl cv::String::allocate(unsigned __int64)" (?allocate@String@cv@@AEAAPEAD_K@Z)
sumpixels.obj : error LNK2001: 无法解析的外部符号 "private: char * __cdecl cv::String::allocate(unsigned __int64)" (?allocate@String@cv@@AEAAPEAD_K@Z)
templmatch.obj : error LNK2001: 无法解析的外部符号 "private: char * __cdecl cv::String::allocate(unsigned __int64)" (?allocate@String@cv@@AEAAPEAD_K@Z)
sobel.obj : error LNK2019: 无法解析的外部符号 "private: void __cdecl cv::String::deallocate(void)" (?deallocate@String@cv@@AEAAXXZ)，该符号在函数 "public: __cdecl cv::String::~String(void)" (??1String@cv@@QEAA@XZ) 中被引用
filter.obj : error LNK2001: 无法解析的外部符号 "private: void __cdecl cv::String::deallocate(void)" (?deallocate@String@cv@@AEAAXXZ)
sumpixels.obj : error LNK2001: 无法解析的外部符号 "private: void __cdecl cv::String::deallocate(void)" (?deallocate@String@cv@@AEAAXXZ)
templmatch.obj : error LNK2001: 无法解析的外部符号 "private: void __cdecl cv::String::deallocate(void)" (?deallocate@String@cv@@AEAAXXZ)
sobel.obj : error LNK2019: 无法解析的外部符号 "void __cdecl cv::error(int,class cv::String const &,char const *,char const *,int)" (?error@cv@@YAXHAEBVString@1@PEBD1H@Z)，该符号在函数 "void __cdecl cv::errorNoReturn(int,class cv::String const &,char const *,char const *,int)" (?errorNoReturn@cv@@YAXHAEBVString@1@PEBD1H@Z) 中被引用
filter.obj : error LNK2001: 无法解析的外部符号 "void __cdecl cv::error(int,class cv::String const &,char const *,char const *,int)" (?error@cv@@YAXHAEBVString@1@PEBD1H@Z)
sumpixels.obj : error LNK2001: 无法解析的外部符号 "void __cdecl cv::error(int,class cv::String const &,char const *,char const *,int)" (?error@cv@@YAXHAEBVString@1@PEBD1H@Z)
templmatch.obj : error LNK2001: 无法解析的外部符号 "void __cdecl cv::error(int,class cv::String const &,char const *,char const *,int)" (?error@cv@@YAXHAEBVString@1@PEBD1H@Z)
sobel.obj : error LNK2019: 无法解析的外部符号 "bool __cdecl cv::ipp::useIPP(void)" (?useIPP@ipp@cv@@YA_NXZ)，该符号在函数 "void __cdecl cv::Laplacian(class cv::_InputArray const &,class cv::_OutputArray const &,int,int,double,double,int)" (?Laplacian@cv@@YAXAEBV_InputArray@1@AEBV_OutputArray@1@HHNNH@Z) 中被引用
filter.obj : error LNK2001: 无法解析的外部符号 "bool __cdecl cv::ipp::useIPP(void)" (?useIPP@ipp@cv@@YA_NXZ)
sumpixels.obj : error LNK2001: 无法解析的外部符号 "bool __cdecl cv::ipp::useIPP(void)" (?useIPP@ipp@cv@@YA_NXZ)
templmatch.obj : error LNK2001: 无法解析的外部符号 "bool __cdecl cv::ipp::useIPP(void)" (?useIPP@ipp@cv@@YA_NXZ)
sobel.obj : error LNK2019: 无法解析的外部符号 "public: class cv::Mat __cdecl cv::_InputArray::getMat_(int)const " (?getMat_@_InputArray@cv@@QEBA?AVMat@2@H@Z)，该符号在函数 "public: class cv::Mat __cdecl cv::_InputArray::getMat(int)const " (?getMat@_InputArray@cv@@QEBA?AVMat@2@H@Z) 中被引用
filter.obj : error LNK2001: 无法解析的外部符号 "public: class cv::Mat __cdecl cv::_InputArray::getMat_(int)const " (?getMat_@_InputArray@cv@@QEBA?AVMat@2@H@Z)
sumpixels.obj : error LNK2001: 无法解析的外部符号 "public: class cv::Mat __cdecl cv::_InputArray::getMat_(int)const " (?getMat_@_InputArray@cv@@QEBA?AVMat@2@H@Z)
templmatch.obj : error LNK2001: 无法解析的外部符号 "public: class cv::Mat __cdecl cv::_InputArray::getMat_(int)const " (?getMat_@_InputArray@cv@@QEBA?AVMat@2@H@Z)
sobel.obj : error LNK2019: 无法解析的外部符号 "public: class cv::UMat __cdecl cv::_InputArray::getUMat(int)const " (?getUMat@_InputArray@cv@@QEBA?AVUMat@2@H@Z)，该符号在函数 "bool __cdecl cv::ocl_Laplacian3_8UC1(class cv::_InputArray const &,class cv::_OutputArray const &,int,class cv::_InputArray const &,double,int)" (?ocl_Laplacian3_8UC1@cv@@YA_NAEBV_InputArray@1@AEBV_OutputArray@1@H0NH@Z) 中被引用
filter.obj : error LNK2001: 无法解析的外部符号 "public: class cv::UMat __cdecl cv::_InputArray::getUMat(int)const " (?getUMat@_InputArray@cv@@QEBA?AVUMat@2@H@Z)
sumpixels.obj : error LNK2001: 无法解析的外部符号 "public: class cv::UMat __cdecl cv::_InputArray::getUMat(int)const " (?getUMat@_InputArray@cv@@QEBA?AVUMat@2@H@Z)
templmatch.obj : error LNK2001: 无法解析的外部符号 "public: class cv::UMat __cdecl cv::_InputArray::getUMat(int)const " (?getUMat@_InputArray@cv@@QEBA?AVUMat@2@H@Z)
sobel.obj : error LNK2019: 无法解析的外部符号 "public: int __cdecl cv::_InputArray::kind(void)const " (?kind@_InputArray@cv@@QEBAHXZ)，该符号在函数 "void __cdecl cv::Laplacian(class cv::_InputArray const &,class cv::_OutputArray const &,int,int,double,double,int)" (?Laplacian@cv@@YAXAEBV_InputArray@1@AEBV_OutputArray@1@HHNNH@Z) 中被引用
filter.obj : error LNK2001: 无法解析的外部符号 "public: int __cdecl cv::_InputArray::kind(void)const " (?kind@_InputArray@cv@@QEBAHXZ)
sumpixels.obj : error LNK2001: 无法解析的外部符号 "public: int __cdecl cv::_InputArray::kind(void)const " (?kind@_InputArray@cv@@QEBAHXZ)
templmatch.obj : error LNK2001: 无法解析的外部符号 "public: int __cdecl cv::_InputArray::kind(void)const " (?kind@_InputArray@cv@@QEBAHXZ)
sobel.obj : error LNK2019: 无法解析的外部符号 "public: int __cdecl cv::_InputArray::dims(int)const " (?dims@_InputArray@cv@@QEBAHH@Z)，该符号在函数 "void __cdecl cv::Laplacian(class cv::_InputArray const &,class cv::_OutputArray const &,int,int,double,double,int)" (?Laplacian@cv@@YAXAEBV_InputArray@1@AEBV_OutputArray@1@HHNNH@Z) 中被引用
filter.obj : error LNK2001: 无法解析的外部符号 "public: int __cdecl cv::_InputArray::dims(int)const " (?dims@_InputArray@cv@@QEBAHH@Z)
templmatch.obj : error LNK2001: 无法解析的外部符号 "public: int __cdecl cv::_InputArray::dims(int)const " (?dims@_InputArray@cv@@QEBAHH@Z)
sobel.obj : error LNK2019: 无法解析的外部符号 "public: int __cdecl cv::_InputArray::cols(int)const " (?cols@_InputArray@cv@@QEBAHH@Z)，该符号在函数 "void __cdecl cv::Scharr(class cv::_InputArray const &,class cv::_OutputArray const &,int,int,int,double,double,int)" (?Scharr@cv@@YAXAEBV_InputArray@1@AEBV_OutputArray@1@HHHNNH@Z) 中被引用
filter.obj : error LNK2001: 无法解析的外部符号 "public: int __cdecl cv::_InputArray::cols(int)const " (?cols@_InputArray@cv@@QEBAHH@Z)
templmatch.obj : error LNK2001: 无法解析的外部符号 "public: int __cdecl cv::_InputArray::cols(int)const " (?cols@_InputArray@cv@@QEBAHH@Z)
sobel.obj : error LNK2019: 无法解析的外部符号 "public: int __cdecl cv::_InputArray::rows(int)const " (?rows@_InputArray@cv@@QEBAHH@Z)，该符号在函数 "void __cdecl cv::Scharr(class cv::_InputArray const &,class cv::_OutputArray const &,int,int,int,double,double,int)" (?Scharr@cv@@YAXAEBV_InputArray@1@AEBV_OutputArray@1@HHHNNH@Z) 中被引用
filter.obj : error LNK2001: 无法解析的外部符号 "public: int __cdecl cv::_InputArray::rows(int)const " (?rows@_InputArray@cv@@QEBAHH@Z)
templmatch.obj : error LNK2001: 无法解析的外部符号 "public: int __cdecl cv::_InputArray::rows(int)const " (?rows@_InputArray@cv@@QEBAHH@Z)
sobel.obj : error LNK2019: 无法解析的外部符号 "public: class cv::Size_<int> __cdecl cv::_InputArray::size(int)const " (?size@_InputArray@cv@@QEBA?AV?$Size_@H@2@H@Z)，该符号在函数 "void __cdecl cv::Laplacian(class cv::_InputArray const &,class cv::_OutputArray const &,int,int,double,double,int)" (?Laplacian@cv@@YAXAEBV_InputArray@1@AEBV_OutputArray@1@HHNNH@Z) 中被引用
filter.obj : error LNK2001: 无法解析的外部符号 "public: class cv::Size_<int> __cdecl cv::_InputArray::size(int)const " (?size@_InputArray@cv@@QEBA?AV?$Size_@H@2@H@Z)
sumpixels.obj : error LNK2001: 无法解析的外部符号 "public: class cv::Size_<int> __cdecl cv::_InputArray::size(int)const " (?size@_InputArray@cv@@QEBA?AV?$Size_@H@2@H@Z)
templmatch.obj : error LNK2001: 无法解析的外部符号 "public: class cv::Size_<int> __cdecl cv::_InputArray::size(int)const " (?size@_InputArray@cv@@QEBA?AV?$Size_@H@2@H@Z)
sobel.obj : error LNK2019: 无法解析的外部符号 "public: int __cdecl cv::_InputArray::type(int)const " (?type@_InputArray@cv@@QEBAHH@Z)，该符号在函数 "void __cdecl cv::Laplacian(class cv::_InputArray const &,class cv::_OutputArray const &,int,int,double,double,int)" (?Laplacian@cv@@YAXAEBV_InputArray@1@AEBV_OutputArray@1@HHNNH@Z) 中被引用
filter.obj : error LNK2001: 无法解析的外部符号 "public: int __cdecl cv::_InputArray::type(int)const " (?type@_InputArray@cv@@QEBAHH@Z)
sumpixels.obj : error LNK2001: 无法解析的外部符号 "public: int __cdecl cv::_InputArray::type(int)const " (?type@_InputArray@cv@@QEBAHH@Z)
templmatch.obj : error LNK2001: 无法解析的外部符号 "public: int __cdecl cv::_InputArray::type(int)const " (?type@_InputArray@cv@@QEBAHH@Z)
sobel.obj : error LNK2019: 无法解析的外部符号 "public: int __cdecl cv::_InputArray::depth(int)const " (?depth@_InputArray@cv@@QEBAHH@Z)，该符号在函数 "bool __cdecl cv::ipp_Deriv(class cv::_InputArray const &,class cv::_OutputArray const &,int,int,int,double,double,int)" (?ipp_Deriv@cv@@YA_NAEBV_InputArray@1@AEBV_OutputArray@1@HHHNNH@Z) 中被引用
templmatch.obj : error LNK2001: 无法解析的外部符号 "public: int __cdecl cv::_InputArray::depth(int)const " (?depth@_InputArray@cv@@QEBAHH@Z)
sobel.obj : error LNK2019: 无法解析的外部符号 "public: int __cdecl cv::_InputArray::channels(int)const " (?channels@_InputArray@cv@@QEBAHH@Z)，该符号在函数 "bool __cdecl cv::ipp_Deriv(class cv::_InputArray const &,class cv::_OutputArray const &,int,int,int,double,double,int)" (?ipp_Deriv@cv@@YA_NAEBV_InputArray@1@AEBV_OutputArray@1@HHHNNH@Z) 中被引用
templmatch.obj : error LNK2001: 无法解析的外部符号 "public: int __cdecl cv::_InputArray::channels(int)const " (?channels@_InputArray@cv@@QEBAHH@Z)
sobel.obj : error LNK2019: 无法解析的外部符号 "public: unsigned __int64 __cdecl cv::_InputArray::offset(int)const " (?offset@_InputArray@cv@@QEBA_KH@Z)，该符号在函数 "bool __cdecl cv::ocl_Laplacian3_8UC1(class cv::_InputArray const &,class cv::_OutputArray const &,int,class cv::_InputArray const &,double,int)" (?ocl_Laplacian3_8UC1@cv@@YA_NAEBV_InputArray@1@AEBV_OutputArray@1@H0NH@Z) 中被引用
filter.obj : error LNK2001: 无法解析的外部符号 "public: unsigned __int64 __cdecl cv::_InputArray::offset(int)const " (?offset@_InputArray@cv@@QEBA_KH@Z)
sobel.obj : error LNK2019: 无法解析的外部符号 "public: unsigned __int64 __cdecl cv::_InputArray::step(int)const " (?step@_InputArray@cv@@QEBA_KH@Z)，该符号在函数 "bool __cdecl cv::ocl_Laplacian3_8UC1(class cv::_InputArray const &,class cv::_OutputArray const &,int,class cv::_InputArray const &,double,int)" (?ocl_Laplacian3_8UC1@cv@@YA_NAEBV_InputArray@1@AEBV_OutputArray@1@H0NH@Z) 中被引用
filter.obj : error LNK2001: 无法解析的外部符号 "public: unsigned __int64 __cdecl cv::_InputArray::step(int)const " (?step@_InputArray@cv@@QEBA_KH@Z)
sobel.obj : error LNK2019: 无法解析的外部符号 "public: void __cdecl cv::_OutputArray::create(class cv::Size_<int>,int,int,bool,int)const " (?create@_OutputArray@cv@@QEBAXV?$Size_@H@2@HH_NH@Z)，该符号在函数 "void __cdecl cv::Laplacian(class cv::_InputArray const &,class cv::_OutputArray const &,int,int,double,double,int)" (?Laplacian@cv@@YAXAEBV_InputArray@1@AEBV_OutputArray@1@HHNNH@Z) 中被引用
filter.obj : error LNK2001: 无法解析的外部符号 "public: void __cdecl cv::_OutputArray::create(class cv::Size_<int>,int,int,bool,int)const " (?create@_OutputArray@cv@@QEBAXV?$Size_@H@2@HH_NH@Z)
sumpixels.obj : error LNK2001: 无法解析的外部符号 "public: void __cdecl cv::_OutputArray::create(class cv::Size_<int>,int,int,bool,int)const " (?create@_OutputArray@cv@@QEBAXV?$Size_@H@2@HH_NH@Z)
templmatch.obj : error LNK2001: 无法解析的外部符号 "public: void __cdecl cv::_OutputArray::create(class cv::Size_<int>,int,int,bool,int)const " (?create@_OutputArray@cv@@QEBAXV?$Size_@H@2@HH_NH@Z)
sobel.obj : error LNK2019: 无法解析的外部符号 "public: void __cdecl cv::_OutputArray::create(int,int,int,int,bool,int)const " (?create@_OutputArray@cv@@QEBAXHHHH_NH@Z)，该符号在函数 "void __cdecl cv::getScharrKernels(class cv::_OutputArray const &,class cv::_OutputArray const &,int,int,bool,int)" (?getScharrKernels@cv@@YAXAEBV_OutputArray@1@0HH_NH@Z) 中被引用
templmatch.obj : error LNK2001: 无法解析的外部符号 "public: void __cdecl cv::_OutputArray::create(int,int,int,int,bool,int)const " (?create@_OutputArray@cv@@QEBAXHHHH_NH@Z)
sobel.obj : error LNK2019: 无法解析的外部符号 "class cv::_InputOutputArray const & __cdecl cv::noArray(void)" (?noArray@cv@@YAAEBV_InputOutputArray@1@XZ)，该符号在函数 "void __cdecl cv::Laplacian(class cv::_InputArray const &,class cv::_OutputArray const &,int,int,double,double,int)" (?Laplacian@cv@@YAXAEBV_InputArray@1@AEBV_OutputArray@1@HHNNH@Z) 中被引用
filter.obj : error LNK2001: 无法解析的外部符号 "class cv::_InputOutputArray const & __cdecl cv::noArray(void)" (?noArray@cv@@YAAEBV_InputOutputArray@1@XZ)
sumpixels.obj : error LNK2001: 无法解析的外部符号 "class cv::_InputOutputArray const & __cdecl cv::noArray(void)" (?noArray@cv@@YAAEBV_InputOutputArray@1@XZ)
templmatch.obj : error LNK2001: 无法解析的外部符号 "class cv::_InputOutputArray const & __cdecl cv::noArray(void)" (?noArray@cv@@YAAEBV_InputOutputArray@1@XZ)
sobel.obj : error LNK2019: 无法解析的外部符号 "public: __cdecl cv::Mat::Mat(class cv::Mat const &,class cv::Range const &,class cv::Range const &)" (??0Mat@cv@@QEAA@AEBV01@AEBVRange@1@1@Z)，该符号在函数 "void __cdecl cv::Laplacian(class cv::_InputArray const &,class cv::_OutputArray const &,int,int,double,double,int)" (?Laplacian@cv@@YAXAEBV_InputArray@1@AEBV_OutputArray@1@HHNNH@Z) 中被引用
templmatch.obj : error LNK2001: 无法解析的外部符号 "public: __cdecl cv::Mat::Mat(class cv::Mat const &,class cv::Range const &,class cv::Range const &)" (??0Mat@cv@@QEAA@AEBV01@AEBVRange@1@1@Z)
sobel.obj : error LNK2019: 无法解析的外部符号 "public: void __cdecl cv::Mat::convertTo(class cv::_OutputArray const &,int,double,double)const " (?convertTo@Mat@cv@@QEBAXAEBV_OutputArray@2@HNN@Z)，该符号在函数 "void __cdecl cv::Laplacian(class cv::_InputArray const &,class cv::_OutputArray const &,int,int,double,double,int)" (?Laplacian@cv@@YAXAEBV_InputArray@1@AEBV_OutputArray@1@HHNNH@Z) 中被引用
filter.obj : error LNK2001: 无法解析的外部符号 "public: void __cdecl cv::Mat::convertTo(class cv::_OutputArray const &,int,double,double)const " (?convertTo@Mat@cv@@QEBAXAEBV_OutputArray@2@HNN@Z)
templmatch.obj : error LNK2001: 无法解析的外部符号 "public: void __cdecl cv::Mat::convertTo(class cv::_OutputArray const &,int,double,double)const " (?convertTo@Mat@cv@@QEBAXAEBV_OutputArray@2@HNN@Z)
sobel.obj : error LNK2019: 无法解析的外部符号 "public: class cv::Mat __cdecl cv::Mat::reshape(int,int)const " (?reshape@Mat@cv@@QEBA?AV12@HH@Z)，该符号在函数 "bool __cdecl cv::ocl_Laplacian3_8UC1(class cv::_InputArray const &,class cv::_OutputArray const &,int,class cv::_InputArray const &,double,int)" (?ocl_Laplacian3_8UC1@cv@@YA_NAEBV_InputArray@1@AEBV_OutputArray@1@H0NH@Z) 中被引用
filter.obj : error LNK2001: 无法解析的外部符号 "public: class cv::Mat __cdecl cv::Mat::reshape(int,int)const " (?reshape@Mat@cv@@QEBA?AV12@HH@Z)
sobel.obj : error LNK2019: 无法解析的外部符号 "public: void __cdecl cv::Mat::create(int,int const *,int)" (?create@Mat@cv@@QEAAXHPEBHH@Z)，该符号在函数 "public: __cdecl cv::Mat::Mat(int,int,int)" (??0Mat@cv@@QEAA@HHH@Z) 中被引用
filter.obj : error LNK2001: 无法解析的外部符号 "public: void __cdecl cv::Mat::create(int,int const *,int)" (?create@Mat@cv@@QEAAXHPEBHH@Z)
templmatch.obj : error LNK2001: 无法解析的外部符号 "public: void __cdecl cv::Mat::create(int,int const *,int)" (?create@Mat@cv@@QEAAXHPEBHH@Z)
resize.avx2.obj : error LNK2001: 无法解析的外部符号 "public: void __cdecl cv::Mat::deallocate(void)" (?deallocate@Mat@cv@@QEAAXXZ)
resize.sse4_1.obj : error LNK2001: 无法解析的外部符号 "public: void __cdecl cv::Mat::deallocate(void)" (?deallocate@Mat@cv@@QEAAXXZ)
sobel.obj : error LNK2001: 无法解析的外部符号 "public: void __cdecl cv::Mat::deallocate(void)" (?deallocate@Mat@cv@@QEAAXXZ)
filter.obj : error LNK2001: 无法解析的外部符号 "public: void __cdecl cv::Mat::deallocate(void)" (?deallocate@Mat@cv@@QEAAXXZ)
sumpixels.obj : error LNK2001: 无法解析的外部符号 "public: void __cdecl cv::Mat::deallocate(void)" (?deallocate@Mat@cv@@QEAAXXZ)
templmatch.obj : error LNK2001: 无法解析的外部符号 "public: void __cdecl cv::Mat::deallocate(void)" (?deallocate@Mat@cv@@QEAAXXZ)
resize.avx2.obj : error LNK2001: 无法解析的外部符号 "public: void __cdecl cv::Mat::copySize(class cv::Mat const &)" (?copySize@Mat@cv@@QEAAXAEBV12@@Z)
resize.sse4_1.obj : error LNK2001: 无法解析的外部符号 "public: void __cdecl cv::Mat::copySize(class cv::Mat const &)" (?copySize@Mat@cv@@QEAAXAEBV12@@Z)
sobel.obj : error LNK2001: 无法解析的外部符号 "public: void __cdecl cv::Mat::copySize(class cv::Mat const &)" (?copySize@Mat@cv@@QEAAXAEBV12@@Z)
filter.obj : error LNK2001: 无法解析的外部符号 "public: void __cdecl cv::Mat::copySize(class cv::Mat const &)" (?copySize@Mat@cv@@QEAAXAEBV12@@Z)
sumpixels.obj : error LNK2001: 无法解析的外部符号 "public: void __cdecl cv::Mat::copySize(class cv::Mat const &)" (?copySize@Mat@cv@@QEAAXAEBV12@@Z)
templmatch.obj : error LNK2001: 无法解析的外部符号 "public: void __cdecl cv::Mat::copySize(class cv::Mat const &)" (?copySize@Mat@cv@@QEAAXAEBV12@@Z)
sobel.obj : error LNK2019: 无法解析的外部符号 "public: void __cdecl cv::Mat::locateROI(class cv::Size_<int> &,class cv::Point_<int> &)const " (?locateROI@Mat@cv@@QEBAXAEAV?$Size_@H@2@AEAV?$Point_@H@2@@Z)，该符号在函数 "void __cdecl cv::Laplacian(class cv::_InputArray const &,class cv::_OutputArray const &,int,int,double,double,int)" (?Laplacian@cv@@YAXAEBV_InputArray@1@AEBV_OutputArray@1@HHNNH@Z) 中被引用
filter.obj : error LNK2001: 无法解析的外部符号 "public: void __cdecl cv::Mat::locateROI(class cv::Size_<int> &,class cv::Point_<int> &)const " (?locateROI@Mat@cv@@QEBAXAEAV?$Size_@H@2@AEAV?$Point_@H@2@@Z)
templmatch.obj : error LNK2001: 无法解析的外部符号 "public: void __cdecl cv::Mat::locateROI(class cv::Size_<int> &,class cv::Point_<int> &)const " (?locateROI@Mat@cv@@QEBAXAEAV?$Size_@H@2@AEAV?$Point_@H@2@@Z)
sobel.obj : error LNK2019: 无法解析的外部符号 "public: void __cdecl cv::Mat::updateContinuityFlag(void)" (?updateContinuityFlag@Mat@cv@@QEAAXXZ)，该符号在函数 "public: __cdecl cv::Mat::Mat(int,int,int,void *,unsigned __int64)" (??0Mat@cv@@QEAA@HHHPEAX_K@Z) 中被引用
filter.obj : error LNK2001: 无法解析的外部符号 "public: void __cdecl cv::Mat::updateContinuityFlag(void)" (?updateContinuityFlag@Mat@cv@@QEAAXXZ)
templmatch.obj : error LNK2001: 无法解析的外部符号 "public: void __cdecl cv::Mat::updateContinuityFlag(void)" (?updateContinuityFlag@Mat@cv@@QEAAXXZ)
sobel.obj : error LNK2019: 无法解析的外部符号 "public: __cdecl cv::UMat::~UMat(void)" (??1UMat@cv@@QEAA@XZ)，该符号在函数 "bool __cdecl cv::ocl_Laplacian3_8UC1(class cv::_InputArray const &,class cv::_OutputArray const &,int,class cv::_InputArray const &,double,int)" (?ocl_Laplacian3_8UC1@cv@@YA_NAEBV_InputArray@1@AEBV_OutputArray@1@H0NH@Z) 中被引用
filter.obj : error LNK2001: 无法解析的外部符号 "public: __cdecl cv::UMat::~UMat(void)" (??1UMat@cv@@QEAA@XZ)
sumpixels.obj : error LNK2001: 无法解析的外部符号 "public: __cdecl cv::UMat::~UMat(void)" (??1UMat@cv@@QEAA@XZ)
templmatch.obj : error LNK2001: 无法解析的外部符号 "public: __cdecl cv::UMat::~UMat(void)" (??1UMat@cv@@QEAA@XZ)
sobel.obj : error LNK2019: 无法解析的外部符号 "public: void __cdecl cv::UMat::locateROI(class cv::Size_<int> &,class cv::Point_<int> &)const " (?locateROI@UMat@cv@@QEBAXAEAV?$Size_@H@2@AEAV?$Point_@H@2@@Z)，该符号在函数 "bool __cdecl cv::ocl_Laplacian5(class cv::_InputArray const &,class cv::_OutputArray const &,class cv::Mat const &,class cv::Mat const &,double,double,int,int,int)" (?ocl_Laplacian5@cv@@YA_NAEBV_InputArray@1@AEBV_OutputArray@1@AEBVMat@1@2NNHHH@Z) 中被引用
filter.obj : error LNK2001: 无法解析的外部符号 "public: void __cdecl cv::UMat::locateROI(class cv::Size_<int> &,class cv::Point_<int> &)const " (?locateROI@UMat@cv@@QEBAXAEAV?$Size_@H@2@AEAV?$Point_@H@2@@Z)
sobel.obj : error LNK2019: 无法解析的外部符号 "void __cdecl cv::add(class cv::_InputArray const &,class cv::_InputArray const &,class cv::_OutputArray const &,class cv::_InputArray const &,int)" (?add@cv@@YAXAEBV_InputArray@1@0AEBV_OutputArray@1@0H@Z)，该符号在函数 "void __cdecl cv::Laplacian(class cv::_InputArray const &,class cv::_OutputArray const &,int,int,double,double,int)" (?Laplacian@cv@@YAXAEBV_InputArray@1@AEBV_OutputArray@1@HHNNH@Z) 中被引用
filter.obj : error LNK2001: 无法解析的外部符号 "void __cdecl cv::add(class cv::_InputArray const &,class cv::_InputArray const &,class cv::_OutputArray const &,class cv::_InputArray const &,int)" (?add@cv@@YAXAEBV_InputArray@1@0AEBV_OutputArray@1@0H@Z)
templmatch.obj : error LNK2001: 无法解析的外部符号 "void __cdecl cv::add(class cv::_InputArray const &,class cv::_InputArray const &,class cv::_OutputArray const &,class cv::_InputArray const &,int)" (?add@cv@@YAXAEBV_InputArray@1@0AEBV_OutputArray@1@0H@Z)
sobel.obj : error LNK2019: 无法解析的外部符号 "class cv::String __cdecl cv::format(char const *,...)" (?format@cv@@YA?AVString@1@PEBDZZ)，该符号在函数 "bool __cdecl cv::ocl_Laplacian5(class cv::_InputArray const &,class cv::_OutputArray const &,class cv::Mat const &,class cv::Mat const &,double,double,int,int,int)" (?ocl_Laplacian5@cv@@YA_NAEBV_InputArray@1@AEBV_OutputArray@1@AEBVMat@1@2NNHHH@Z) 中被引用
filter.obj : error LNK2001: 无法解析的外部符号 "class cv::String __cdecl cv::format(char const *,...)" (?format@cv@@YA?AVString@1@PEBDZZ)
sumpixels.obj : error LNK2001: 无法解析的外部符号 "class cv::String __cdecl cv::format(char const *,...)" (?format@cv@@YA?AVString@1@PEBDZZ)
templmatch.obj : error LNK2001: 无法解析的外部符号 "class cv::String __cdecl cv::format(char const *,...)" (?format@cv@@YA?AVString@1@PEBDZZ)
sobel.obj : error LNK2019: 无法解析的外部符号 "class cv::Mat __cdecl cv::cvarrToMat(void const *,bool,bool,int,class cv::AutoBuffer<double,136> *)" (?cvarrToMat@cv@@YA?AVMat@1@PEBX_N1HPEAV?$AutoBuffer@N$0II@@1@@Z)，该符号在函数 cvLaplace 中被引用
filter.obj : error LNK2001: 无法解析的外部符号 "class cv::Mat __cdecl cv::cvarrToMat(void const *,bool,bool,int,class cv::AutoBuffer<double,136> *)" (?cvarrToMat@cv@@YA?AVMat@1@PEBX_N1HPEAV?$AutoBuffer@N$0II@@1@@Z)
sumpixels.obj : error LNK2001: 无法解析的外部符号 "class cv::Mat __cdecl cv::cvarrToMat(void const *,bool,bool,int,class cv::AutoBuffer<double,136> *)" (?cvarrToMat@cv@@YA?AVMat@1@PEBX_N1HPEAV?$AutoBuffer@N$0II@@1@@Z)
templmatch.obj : error LNK2001: 无法解析的外部符号 "class cv::Mat __cdecl cv::cvarrToMat(void const *,bool,bool,int,class cv::AutoBuffer<double,136> *)" (?cvarrToMat@cv@@YA?AVMat@1@PEBX_N1HPEAV?$AutoBuffer@N$0II@@1@@Z)
sobel.obj : error LNK2019: 无法解析的外部符号 "public: __cdecl cv::utils::trace::details::Region::Region(struct cv::utils::trace::details::Region::LocationStaticStorage const &)" (??0Region@details@trace@utils@cv@@QEAA@AEBULocationStaticStorage@01234@@Z)，该符号在函数 "void __cdecl cv::Laplacian(class cv::_InputArray const &,class cv::_OutputArray const &,int,int,double,double,int)" (?Laplacian@cv@@YAXAEBV_InputArray@1@AEBV_OutputArray@1@HHNNH@Z) 中被引用
filter.obj : error LNK2001: 无法解析的外部符号 "public: __cdecl cv::utils::trace::details::Region::Region(struct cv::utils::trace::details::Region::LocationStaticStorage const &)" (??0Region@details@trace@utils@cv@@QEAA@AEBULocationStaticStorage@01234@@Z)
sumpixels.obj : error LNK2001: 无法解析的外部符号 "public: __cdecl cv::utils::trace::details::Region::Region(struct cv::utils::trace::details::Region::LocationStaticStorage const &)" (??0Region@details@trace@utils@cv@@QEAA@AEBULocationStaticStorage@01234@@Z)
templmatch.obj : error LNK2001: 无法解析的外部符号 "public: __cdecl cv::utils::trace::details::Region::Region(struct cv::utils::trace::details::Region::LocationStaticStorage const &)" (??0Region@details@trace@utils@cv@@QEAA@AEBULocationStaticStorage@01234@@Z)
sobel.obj : error LNK2019: 无法解析的外部符号 "public: void __cdecl cv::utils::trace::details::Region::destroy(void)" (?destroy@Region@details@trace@utils@cv@@QEAAXXZ)，该符号在函数 "public: __cdecl cv::utils::trace::details::Region::~Region(void)" (??1Region@details@trace@utils@cv@@QEAA@XZ) 中被引用
filter.obj : error LNK2001: 无法解析的外部符号 "public: void __cdecl cv::utils::trace::details::Region::destroy(void)" (?destroy@Region@details@trace@utils@cv@@QEAAXXZ)
sumpixels.obj : error LNK2001: 无法解析的外部符号 "public: void __cdecl cv::utils::trace::details::Region::destroy(void)" (?destroy@Region@details@trace@utils@cv@@QEAAXXZ)
templmatch.obj : error LNK2001: 无法解析的外部符号 "public: void __cdecl cv::utils::trace::details::Region::destroy(void)" (?destroy@Region@details@trace@utils@cv@@QEAAXXZ)
sobel.obj : error LNK2019: 无法解析的外部符号 "public: __cdecl cv::ocl::Device::Device(class cv::ocl::Device const &)" (??0Device@ocl@cv@@QEAA@AEBV012@@Z)，该符号在函数 "bool __cdecl cv::ocl_Laplacian5(class cv::_InputArray const &,class cv::_OutputArray const &,class cv::Mat const &,class cv::Mat const &,double,double,int,int,int)" (?ocl_Laplacian5@cv@@YA_NAEBV_InputArray@1@AEBV_OutputArray@1@AEBVMat@1@2NNHHH@Z) 中被引用
templmatch.obj : error LNK2001: 无法解析的外部符号 "public: __cdecl cv::ocl::Device::Device(class cv::ocl::Device const &)" (??0Device@ocl@cv@@QEAA@AEBV012@@Z)
sobel.obj : error LNK2019: 无法解析的外部符号 "public: __cdecl cv::ocl::Device::~Device(void)" (??1Device@ocl@cv@@QEAA@XZ)，该符号在函数 "bool __cdecl cv::ocl_Laplacian5(class cv::_InputArray const &,class cv::_OutputArray const &,class cv::Mat const &,class cv::Mat const &,double,double,int,int,int)" (?ocl_Laplacian5@cv@@YA_NAEBV_InputArray@1@AEBV_OutputArray@1@AEBVMat@1@2NNHHH@Z) 中被引用
templmatch.obj : error LNK2001: 无法解析的外部符号 "public: __cdecl cv::ocl::Device::~Device(void)" (??1Device@ocl@cv@@QEAA@XZ)
sobel.obj : error LNK2019: 无法解析的外部符号 "public: int __cdecl cv::ocl::Device::doubleFPConfig(void)const " (?doubleFPConfig@Device@ocl@cv@@QEBAHXZ)，该符号在函数 "bool __cdecl cv::ocl_Laplacian5(class cv::_InputArray const &,class cv::_OutputArray const &,class cv::Mat const &,class cv::Mat const &,double,double,int,int,int)" (?ocl_Laplacian5@cv@@YA_NAEBV_InputArray@1@AEBV_OutputArray@1@AEBVMat@1@2NNHHH@Z) 中被引用
filter.obj : error LNK2001: 无法解析的外部符号 "public: int __cdecl cv::ocl::Device::doubleFPConfig(void)const " (?doubleFPConfig@Device@ocl@cv@@QEBAHXZ)
sumpixels.obj : error LNK2001: 无法解析的外部符号 "public: int __cdecl cv::ocl::Device::doubleFPConfig(void)const " (?doubleFPConfig@Device@ocl@cv@@QEBAHXZ)
sobel.obj : error LNK2019: 无法解析的外部符号 "public: unsigned __int64 __cdecl cv::ocl::Device::localMemSize(void)const " (?localMemSize@Device@ocl@cv@@QEBA_KXZ)，该符号在函数 "bool __cdecl cv::ocl_Laplacian5(class cv::_InputArray const &,class cv::_OutputArray const &,class cv::Mat const &,class cv::Mat const &,double,double,int,int,int)" (?ocl_Laplacian5@cv@@YA_NAEBV_InputArray@1@AEBV_OutputArray@1@AEBVMat@1@2NNHHH@Z) 中被引用
sobel.obj : error LNK2019: 无法解析的外部符号 "public: int __cdecl cv::ocl::Device::vendorID(void)const " (?vendorID@Device@ocl@cv@@QEBAHXZ)，该符号在函数 "bool __cdecl cv::ocl_Laplacian3_8UC1(class cv::_InputArray const &,class cv::_OutputArray const &,int,class cv::_InputArray const &,double,int)" (?ocl_Laplacian3_8UC1@cv@@YA_NAEBV_InputArray@1@AEBV_OutputArray@1@H0NH@Z) 中被引用
filter.obj : error LNK2001: 无法解析的外部符号 "public: int __cdecl cv::ocl::Device::vendorID(void)const " (?vendorID@Device@ocl@cv@@QEBAHXZ)
templmatch.obj : error LNK2001: 无法解析的外部符号 "public: int __cdecl cv::ocl::Device::vendorID(void)const " (?vendorID@Device@ocl@cv@@QEBAHXZ)
sobel.obj : error LNK2019: 无法解析的外部符号 "public: unsigned __int64 __cdecl cv::ocl::Device::maxWorkGroupSize(void)const " (?maxWorkGroupSize@Device@ocl@cv@@QEBA_KXZ)，该符号在函数 "bool __cdecl cv::ocl_Laplacian5(class cv::_InputArray const &,class cv::_OutputArray const &,class cv::Mat const &,class cv::Mat const &,double,double,int,int,int)" (?ocl_Laplacian5@cv@@YA_NAEBV_InputArray@1@AEBV_OutputArray@1@AEBVMat@1@2NNHHH@Z) 中被引用
filter.obj : error LNK2001: 无法解析的外部符号 "public: unsigned __int64 __cdecl cv::ocl::Device::maxWorkGroupSize(void)const " (?maxWorkGroupSize@Device@ocl@cv@@QEBA_KXZ)
templmatch.obj : error LNK2001: 无法解析的外部符号 "public: unsigned __int64 __cdecl cv::ocl::Device::maxWorkGroupSize(void)const " (?maxWorkGroupSize@Device@ocl@cv@@QEBA_KXZ)
sobel.obj : error LNK2019: 无法解析的外部符号 "public: static class cv::ocl::Device const & __cdecl cv::ocl::Device::getDefault(void)" (?getDefault@Device@ocl@cv@@SAAEBV123@XZ)，该符号在函数 "bool __cdecl cv::ocl_Laplacian3_8UC1(class cv::_InputArray const &,class cv::_OutputArray const &,int,class cv::_InputArray const &,double,int)" (?ocl_Laplacian3_8UC1@cv@@YA_NAEBV_InputArray@1@AEBV_OutputArray@1@H0NH@Z) 中被引用
filter.obj : error LNK2001: 无法解析的外部符号 "public: static class cv::ocl::Device const & __cdecl cv::ocl::Device::getDefault(void)" (?getDefault@Device@ocl@cv@@SAAEBV123@XZ)
sumpixels.obj : error LNK2001: 无法解析的外部符号 "public: static class cv::ocl::Device const & __cdecl cv::ocl::Device::getDefault(void)" (?getDefault@Device@ocl@cv@@SAAEBV123@XZ)
templmatch.obj : error LNK2001: 无法解析的外部符号 "public: static class cv::ocl::Device const & __cdecl cv::ocl::Device::getDefault(void)" (?getDefault@Device@ocl@cv@@SAAEBV123@XZ)
sobel.obj : error LNK2019: 无法解析的外部符号 "public: __cdecl cv::ocl::Queue::Queue(void)" (??0Queue@ocl@cv@@QEAA@XZ)，该符号在函数 "bool __cdecl cv::ocl_Laplacian3_8UC1(class cv::_InputArray const &,class cv::_OutputArray const &,int,class cv::_InputArray const &,double,int)" (?ocl_Laplacian3_8UC1@cv@@YA_NAEBV_InputArray@1@AEBV_OutputArray@1@H0NH@Z) 中被引用
filter.obj : error LNK2001: 无法解析的外部符号 "public: __cdecl cv::ocl::Queue::Queue(void)" (??0Queue@ocl@cv@@QEAA@XZ)
sumpixels.obj : error LNK2001: 无法解析的外部符号 "public: __cdecl cv::ocl::Queue::Queue(void)" (??0Queue@ocl@cv@@QEAA@XZ)
templmatch.obj : error LNK2001: 无法解析的外部符号 "public: __cdecl cv::ocl::Queue::Queue(void)" (??0Queue@ocl@cv@@QEAA@XZ)
sobel.obj : error LNK2019: 无法解析的外部符号 "public: __cdecl cv::ocl::Queue::~Queue(void)" (??1Queue@ocl@cv@@QEAA@XZ)，该符号在函数 "bool __cdecl cv::ocl_Laplacian3_8UC1(class cv::_InputArray const &,class cv::_OutputArray const &,int,class cv::_InputArray const &,double,int)" (?ocl_Laplacian3_8UC1@cv@@YA_NAEBV_InputArray@1@AEBV_OutputArray@1@H0NH@Z) 中被引用
filter.obj : error LNK2001: 无法解析的外部符号 "public: __cdecl cv::ocl::Queue::~Queue(void)" (??1Queue@ocl@cv@@QEAA@XZ)
sumpixels.obj : error LNK2001: 无法解析的外部符号 "public: __cdecl cv::ocl::Queue::~Queue(void)" (??1Queue@ocl@cv@@QEAA@XZ)
templmatch.obj : error LNK2001: 无法解析的外部符号 "public: __cdecl cv::ocl::Queue::~Queue(void)" (??1Queue@ocl@cv@@QEAA@XZ)
sobel.obj : error LNK2019: 无法解析的外部符号 "public: __cdecl cv::ocl::KernelArg::KernelArg(int,class cv::UMat *,int,int,void const *,unsigned __int64)" (??0KernelArg@ocl@cv@@QEAA@HPEAVUMat@2@HHPEBX_K@Z)，该符号在函数 "bool __cdecl cv::ocl_Laplacian3_8UC1(class cv::_InputArray const &,class cv::_OutputArray const &,int,class cv::_InputArray const &,double,int)" (?ocl_Laplacian3_8UC1@cv@@YA_NAEBV_InputArray@1@AEBV_OutputArray@1@H0NH@Z) 中被引用
filter.obj : error LNK2001: 无法解析的外部符号 "public: __cdecl cv::ocl::KernelArg::KernelArg(int,class cv::UMat *,int,int,void const *,unsigned __int64)" (??0KernelArg@ocl@cv@@QEAA@HPEAVUMat@2@HHPEBX_K@Z)
sumpixels.obj : error LNK2001: 无法解析的外部符号 "public: __cdecl cv::ocl::KernelArg::KernelArg(int,class cv::UMat *,int,int,void const *,unsigned __int64)" (??0KernelArg@ocl@cv@@QEAA@HPEAVUMat@2@HHPEBX_K@Z)
templmatch.obj : error LNK2001: 无法解析的外部符号 "public: __cdecl cv::ocl::KernelArg::KernelArg(int,class cv::UMat *,int,int,void const *,unsigned __int64)" (??0KernelArg@ocl@cv@@QEAA@HPEAVUMat@2@HHPEBX_K@Z)
sobel.obj : error LNK2019: 无法解析的外部符号 "public: __cdecl cv::ocl::Kernel::Kernel(char const *,class cv::ocl::ProgramSource const &,class cv::String const &,class cv::String *)" (??0Kernel@ocl@cv@@QEAA@PEBDAEBVProgramSource@12@AEBVString@2@PEAV42@@Z)，该符号在函数 "bool __cdecl cv::ocl_Laplacian3_8UC1(class cv::_InputArray const &,class cv::_OutputArray const &,int,class cv::_InputArray const &,double,int)" (?ocl_Laplacian3_8UC1@cv@@YA_NAEBV_InputArray@1@AEBV_OutputArray@1@H0NH@Z) 中被引用
filter.obj : error LNK2001: 无法解析的外部符号 "public: __cdecl cv::ocl::Kernel::Kernel(char const *,class cv::ocl::ProgramSource const &,class cv::String const &,class cv::String *)" (??0Kernel@ocl@cv@@QEAA@PEBDAEBVProgramSource@12@AEBVString@2@PEAV42@@Z)
sumpixels.obj : error LNK2001: 无法解析的外部符号 "public: __cdecl cv::ocl::Kernel::Kernel(char const *,class cv::ocl::ProgramSource const &,class cv::String const &,class cv::String *)" (??0Kernel@ocl@cv@@QEAA@PEBDAEBVProgramSource@12@AEBVString@2@PEAV42@@Z)
templmatch.obj : error LNK2001: 无法解析的外部符号 "public: __cdecl cv::ocl::Kernel::Kernel(char const *,class cv::ocl::ProgramSource const &,class cv::String const &,class cv::String *)" (??0Kernel@ocl@cv@@QEAA@PEBDAEBVProgramSource@12@AEBVString@2@PEAV42@@Z)
sobel.obj : error LNK2019: 无法解析的外部符号 "public: __cdecl cv::ocl::Kernel::~Kernel(void)" (??1Kernel@ocl@cv@@QEAA@XZ)，该符号在函数 "bool __cdecl cv::ocl_Laplacian3_8UC1(class cv::_InputArray const &,class cv::_OutputArray const &,int,class cv::_InputArray const &,double,int)" (?ocl_Laplacian3_8UC1@cv@@YA_NAEBV_InputArray@1@AEBV_OutputArray@1@H0NH@Z) 中被引用
filter.obj : error LNK2001: 无法解析的外部符号 "public: __cdecl cv::ocl::Kernel::~Kernel(void)" (??1Kernel@ocl@cv@@QEAA@XZ)
sumpixels.obj : error LNK2001: 无法解析的外部符号 "public: __cdecl cv::ocl::Kernel::~Kernel(void)" (??1Kernel@ocl@cv@@QEAA@XZ)
templmatch.obj : error LNK2001: 无法解析的外部符号 "public: __cdecl cv::ocl::Kernel::~Kernel(void)" (??1Kernel@ocl@cv@@QEAA@XZ)
sobel.obj : error LNK2019: 无法解析的外部符号 "public: bool __cdecl cv::ocl::Kernel::empty(void)const " (?empty@Kernel@ocl@cv@@QEBA_NXZ)，该符号在函数 "bool __cdecl cv::ocl_Laplacian3_8UC1(class cv::_InputArray const &,class cv::_OutputArray const &,int,class cv::_InputArray const &,double,int)" (?ocl_Laplacian3_8UC1@cv@@YA_NAEBV_InputArray@1@AEBV_OutputArray@1@H0NH@Z) 中被引用
filter.obj : error LNK2001: 无法解析的外部符号 "public: bool __cdecl cv::ocl::Kernel::empty(void)const " (?empty@Kernel@ocl@cv@@QEBA_NXZ)
sumpixels.obj : error LNK2001: 无法解析的外部符号 "public: bool __cdecl cv::ocl::Kernel::empty(void)const " (?empty@Kernel@ocl@cv@@QEBA_NXZ)
templmatch.obj : error LNK2001: 无法解析的外部符号 "public: bool __cdecl cv::ocl::Kernel::empty(void)const " (?empty@Kernel@ocl@cv@@QEBA_NXZ)
sobel.obj : error LNK2019: 无法解析的外部符号 "public: int __cdecl cv::ocl::Kernel::set(int,void const *,unsigned __int64)" (?set@Kernel@ocl@cv@@QEAAHHPEBX_K@Z)，该符号在函数 "bool __cdecl cv::ocl_Laplacian3_8UC1(class cv::_InputArray const &,class cv::_OutputArray const &,int,class cv::_InputArray const &,double,int)" (?ocl_Laplacian3_8UC1@cv@@YA_NAEBV_InputArray@1@AEBV_OutputArray@1@H0NH@Z) 中被引用
filter.obj : error LNK2001: 无法解析的外部符号 "public: int __cdecl cv::ocl::Kernel::set(int,void const *,unsigned __int64)" (?set@Kernel@ocl@cv@@QEAAHHPEBX_K@Z)
templmatch.obj : error LNK2001: 无法解析的外部符号 "public: int __cdecl cv::ocl::Kernel::set(int,void const *,unsigned __int64)" (?set@Kernel@ocl@cv@@QEAAHHPEBX_K@Z)
sobel.obj : error LNK2019: 无法解析的外部符号 "public: int __cdecl cv::ocl::Kernel::set(int,class cv::ocl::KernelArg const &)" (?set@Kernel@ocl@cv@@QEAAHHAEBVKernelArg@23@@Z)，该符号在函数 "bool __cdecl cv::ocl_Laplacian3_8UC1(class cv::_InputArray const &,class cv::_OutputArray const &,int,class cv::_InputArray const &,double,int)" (?ocl_Laplacian3_8UC1@cv@@YA_NAEBV_InputArray@1@AEBV_OutputArray@1@H0NH@Z) 中被引用
filter.obj : error LNK2001: 无法解析的外部符号 "public: int __cdecl cv::ocl::Kernel::set(int,class cv::ocl::KernelArg const &)" (?set@Kernel@ocl@cv@@QEAAHHAEBVKernelArg@23@@Z)
sumpixels.obj : error LNK2001: 无法解析的外部符号 "public: int __cdecl cv::ocl::Kernel::set(int,class cv::ocl::KernelArg const &)" (?set@Kernel@ocl@cv@@QEAAHHAEBVKernelArg@23@@Z)
templmatch.obj : error LNK2001: 无法解析的外部符号 "public: int __cdecl cv::ocl::Kernel::set(int,class cv::ocl::KernelArg const &)" (?set@Kernel@ocl@cv@@QEAAHHAEBVKernelArg@23@@Z)
sobel.obj : error LNK2019: 无法解析的外部符号 "public: bool __cdecl cv::ocl::Kernel::run(int,unsigned __int64 * const,unsigned __int64 * const,bool,class cv::ocl::Queue const &)" (?run@Kernel@ocl@cv@@QEAA_NHQEA_K0_NAEBVQueue@23@@Z)，该符号在函数 "bool __cdecl cv::ocl_Laplacian3_8UC1(class cv::_InputArray const &,class cv::_OutputArray const &,int,class cv::_InputArray const &,double,int)" (?ocl_Laplacian3_8UC1@cv@@YA_NAEBV_InputArray@1@AEBV_OutputArray@1@H0NH@Z) 中被引用
filter.obj : error LNK2001: 无法解析的外部符号 "public: bool __cdecl cv::ocl::Kernel::run(int,unsigned __int64 * const,unsigned __int64 * const,bool,class cv::ocl::Queue const &)" (?run@Kernel@ocl@cv@@QEAA_NHQEA_K0_NAEBVQueue@23@@Z)
sumpixels.obj : error LNK2001: 无法解析的外部符号 "public: bool __cdecl cv::ocl::Kernel::run(int,unsigned __int64 * const,unsigned __int64 * const,bool,class cv::ocl::Queue const &)" (?run@Kernel@ocl@cv@@QEAA_NHQEA_K0_NAEBVQueue@23@@Z)
templmatch.obj : error LNK2001: 无法解析的外部符号 "public: bool __cdecl cv::ocl::Kernel::run(int,unsigned __int64 * const,unsigned __int64 * const,bool,class cv::ocl::Queue const &)" (?run@Kernel@ocl@cv@@QEAA_NHQEA_K0_NAEBVQueue@23@@Z)
sobel.obj : error LNK2019: 无法解析的外部符号 "char const * __cdecl cv::ocl::convertTypeStr(int,int,int,char *)" (?convertTypeStr@ocl@cv@@YAPEBDHHHPEAD@Z)，该符号在函数 "bool __cdecl cv::ocl_Laplacian5(class cv::_InputArray const &,class cv::_OutputArray const &,class cv::Mat const &,class cv::Mat const &,double,double,int,int,int)" (?ocl_Laplacian5@cv@@YA_NAEBV_InputArray@1@AEBV_OutputArray@1@AEBVMat@1@2NNHHH@Z) 中被引用
filter.obj : error LNK2001: 无法解析的外部符号 "char const * __cdecl cv::ocl::convertTypeStr(int,int,int,char *)" (?convertTypeStr@ocl@cv@@YAPEBDHHHPEAD@Z)
templmatch.obj : error LNK2001: 无法解析的外部符号 "char const * __cdecl cv::ocl::convertTypeStr(int,int,int,char *)" (?convertTypeStr@ocl@cv@@YAPEBDHHHPEAD@Z)
sobel.obj : error LNK2019: 无法解析的外部符号 "char const * __cdecl cv::ocl::typeToStr(int)" (?typeToStr@ocl@cv@@YAPEBDH@Z)，该符号在函数 "bool __cdecl cv::ocl_Laplacian5(class cv::_InputArray const &,class cv::_OutputArray const &,class cv::Mat const &,class cv::Mat const &,double,double,int,int,int)" (?ocl_Laplacian5@cv@@YA_NAEBV_InputArray@1@AEBV_OutputArray@1@AEBVMat@1@2NNHHH@Z) 中被引用
filter.obj : error LNK2001: 无法解析的外部符号 "char const * __cdecl cv::ocl::typeToStr(int)" (?typeToStr@ocl@cv@@YAPEBDH@Z)
sumpixels.obj : error LNK2001: 无法解析的外部符号 "char const * __cdecl cv::ocl::typeToStr(int)" (?typeToStr@ocl@cv@@YAPEBDH@Z)
templmatch.obj : error LNK2001: 无法解析的外部符号 "char const * __cdecl cv::ocl::typeToStr(int)" (?typeToStr@ocl@cv@@YAPEBDH@Z)
sobel.obj : error LNK2019: 无法解析的外部符号 "class cv::String __cdecl cv::ocl::kernelToStr(class cv::_InputArray const &,int,char const *)" (?kernelToStr@ocl@cv@@YA?AVString@2@AEBV_InputArray@2@HPEBD@Z)，该符号在函数 "bool __cdecl cv::ocl_Laplacian3_8UC1(class cv::_InputArray const &,class cv::_OutputArray const &,int,class cv::_InputArray const &,double,int)" (?ocl_Laplacian3_8UC1@cv@@YA_NAEBV_InputArray@1@AEBV_OutputArray@1@H0NH@Z) 中被引用
filter.obj : error LNK2001: 无法解析的外部符号 "class cv::String __cdecl cv::ocl::kernelToStr(class cv::_InputArray const &,int,char const *)" (?kernelToStr@ocl@cv@@YA?AVString@2@AEBV_InputArray@2@HPEBD@Z)
sobel.obj : error LNK2019: 无法解析的外部符号 "bool __cdecl cv::ocl::internal::isPerformanceCheckBypassed(void)" (?isPerformanceCheckBypassed@internal@ocl@cv@@YA_NXZ)，该符号在函数 "bool __cdecl cv::ocl_Laplacian5(class cv::_InputArray const &,class cv::_OutputArray const &,class cv::Mat const &,class cv::Mat const &,double,double,int,int,int)" (?ocl_Laplacian5@cv@@YA_NAEBV_InputArray@1@AEBV_OutputArray@1@AEBVMat@1@2NNHHH@Z) 中被引用
filter.obj : error LNK2001: 无法解析的外部符号 "bool __cdecl cv::ocl::internal::isPerformanceCheckBypassed(void)" (?isPerformanceCheckBypassed@internal@ocl@cv@@YA_NXZ)
sobel.obj : error LNK2019: 无法解析的外部符号 "public: __cdecl cv::ocl::internal::ProgramEntry::operator class cv::ocl::ProgramSource &(void)const " (??BProgramEntry@internal@ocl@cv@@QEBAAEAVProgramSource@23@XZ)，该符号在函数 "bool __cdecl cv::ocl_Laplacian3_8UC1(class cv::_InputArray const &,class cv::_OutputArray const &,int,class cv::_InputArray const &,double,int)" (?ocl_Laplacian3_8UC1@cv@@YA_NAEBV_InputArray@1@AEBV_OutputArray@1@H0NH@Z) 中被引用
filter.obj : error LNK2001: 无法解析的外部符号 "public: __cdecl cv::ocl::internal::ProgramEntry::operator class cv::ocl::ProgramSource &(void)const " (??BProgramEntry@internal@ocl@cv@@QEBAAEAVProgramSource@23@XZ)
sumpixels.obj : error LNK2001: 无法解析的外部符号 "public: __cdecl cv::ocl::internal::ProgramEntry::operator class cv::ocl::ProgramSource &(void)const " (??BProgramEntry@internal@ocl@cv@@QEBAAEAVProgramSource@23@XZ)
templmatch.obj : error LNK2001: 无法解析的外部符号 "public: __cdecl cv::ocl::internal::ProgramEntry::operator class cv::ocl::ProgramSource &(void)const " (??BProgramEntry@internal@ocl@cv@@QEBAAEAVProgramSource@23@XZ)
sobel.obj : error LNK2019: 无法解析的外部符号 "bool __cdecl cv::ocl::isOpenCLActivated(void)" (?isOpenCLActivated@ocl@cv@@YA_NXZ)，该符号在函数 "void __cdecl cv::Laplacian(class cv::_InputArray const &,class cv::_OutputArray const &,int,int,double,double,int)" (?Laplacian@cv@@YAXAEBV_InputArray@1@AEBV_OutputArray@1@HHNNH@Z) 中被引用
filter.obj : error LNK2001: 无法解析的外部符号 "bool __cdecl cv::ocl::isOpenCLActivated(void)" (?isOpenCLActivated@ocl@cv@@YA_NXZ)
sumpixels.obj : error LNK2001: 无法解析的外部符号 "bool __cdecl cv::ocl::isOpenCLActivated(void)" (?isOpenCLActivated@ocl@cv@@YA_NXZ)
templmatch.obj : error LNK2001: 无法解析的外部符号 "bool __cdecl cv::ocl::isOpenCLActivated(void)" (?isOpenCLActivated@ocl@cv@@YA_NXZ)
filter.obj : error LNK2019: 无法解析的外部符号 "void __cdecl cv::ipp::setIppStatus(int,char const * const,char const * const,int)" (?setIppStatus@ipp@cv@@YAXHQEBD0H@Z)，该符号在函数 "private: int __cdecl cv::RowVec_32f::ippiOperator(unsigned char const *,unsigned char *,int,int)const " (?ippiOperator@RowVec_32f@cv@@AEBAHPEBEPEAEHH@Z) 中被引用
filter.obj : error LNK2019: 无法解析的外部符号 "public: unsigned __int64 __cdecl cv::_InputArray::total(int)const " (?total@_InputArray@cv@@QEBA_KH@Z)，该符号在函数 "void __cdecl cv::sepFilter2D(class cv::_InputArray const &,class cv::_OutputArray const &,int,class cv::_InputArray const &,class cv::_InputArray const &,class cv::Point_<int>,double,int)" (?sepFilter2D@cv@@YAXAEBV_InputArray@1@AEBV_OutputArray@1@H00V?$Point_@H@1@NH@Z) 中被引用
filter.obj : error LNK2019: 无法解析的外部符号 "public: void __cdecl cv::Mat::copyTo(class cv::_OutputArray const &)const " (?copyTo@Mat@cv@@QEBAXAEBV_OutputArray@2@@Z)，该符号在函数 "struct cv::Ptr<struct cv::ColumnFilter<struct cv::Cast<float,short>,struct cv::ColumnNoVec> > __cdecl cv::makePtr<struct cv::ColumnFilter<struct cv::Cast<float,short>,struct cv::ColumnNoVec>,class cv::Mat,int,double>(class cv::Mat const &,int const &,double const &)" (??$makePtr@U?$ColumnFilter@U?$Cast@MF@cv@@UColumnNoVec@2@@cv@@VMat@2@HN@cv@@YA?AU?$Ptr@U?$ColumnFilter@U?$Cast@MF@cv@@UColumnNoVec@2@@cv@@@0@AEBVMat@0@AEBHAEBN@Z) 中被引用
filter.obj : error LNK2019: 无法解析的外部符号 "public: void __cdecl cv::UMat::create(int,int const *,int,enum cv::UMatUsageFlags)" (?create@UMat@cv@@QEAAXHPEBHHW4UMatUsageFlags@2@@Z)，该符号在函数 "bool __cdecl cv::ocl_sepFilter2D(class cv::_InputArray const &,class cv::_OutputArray const &,int,class cv::_InputArray const &,class cv::_InputArray const &,class cv::Point_<int>,double,int)" (?ocl_sepFilter2D@cv@@YA_NAEBV_InputArray@1@AEBV_OutputArray@1@H00V?$Point_@H@1@NH@Z) 中被引用
sumpixels.obj : error LNK2001: 无法解析的外部符号 "public: void __cdecl cv::UMat::create(int,int const *,int,enum cv::UMatUsageFlags)" (?create@UMat@cv@@QEAAXHPEBHHW4UMatUsageFlags@2@@Z)
templmatch.obj : error LNK2001: 无法解析的外部符号 "public: void __cdecl cv::UMat::create(int,int const *,int,enum cv::UMatUsageFlags)" (?create@UMat@cv@@QEAAXHPEBHHW4UMatUsageFlags@2@@Z)
filter.obj : error LNK2019: 无法解析的外部符号 "int __cdecl cv::borderInterpolate(int,int,int)" (?borderInterpolate@cv@@YAHHHH@Z)，该符号在函数 "public: virtual int __cdecl cv::FilterEngine::proceed(unsigned char const *,int,int,unsigned char *,int)" (?proceed@FilterEngine@cv@@UEAAHPEBEHHPEAEH@Z) 中被引用
filter.obj : error LNK2019: 无法解析的外部符号 "int __cdecl cv::countNonZero(class cv::_InputArray const &)" (?countNonZero@cv@@YAHAEBV_InputArray@1@@Z)，该符号在函数 "void __cdecl cv::preprocess2DKernel(class cv::Mat const &,class std::vector<class cv::Point_<int>,class std::allocator<class cv::Point_<int> > > &,class std::vector<unsigned char,class std::allocator<unsigned char> > &)" (?preprocess2DKernel@cv@@YAXAEBVMat@1@AEAV?$vector@V?$Point_@H@cv@@V?$allocator@V?$Point_@H@cv@@@std@@@std@@AEAV?$vector@EV?$allocator@E@std@@@4@@Z) 中被引用
filter.obj : error LNK2019: 无法解析的外部符号 "bool __cdecl cv::checkHardwareSupport(int)" (?checkHardwareSupport@cv@@YA_NH@Z)，该符号在函数 "public: __cdecl cv::ColumnFilter<struct cv::Cast<float,float>,struct cv::SymmColumnVec_32f>::ColumnFilter<struct cv::Cast<float,float>,struct cv::SymmColumnVec_32f>(class cv::Mat const &,int,double,struct cv::Cast<float,float> const &,struct cv::SymmColumnVec_32f const &)" (??0?$ColumnFilter@U?$Cast@MM@cv@@USymmColumnVec_32f@2@@cv@@QEAA@AEBVMat@1@HNAEBU?$Cast@MM@1@AEBUSymmColumnVec_32f@1@@Z) 中被引用
sumpixels.obj : error LNK2001: 无法解析的外部符号 "bool __cdecl cv::checkHardwareSupport(int)" (?checkHardwareSupport@cv@@YA_NH@Z)
filter.obj : error LNK2019: 无法解析的外部符号 "void __cdecl cv::scalarToRawData(class cv::Scalar_<double> const &,void *,int,int)" (?scalarToRawData@cv@@YAXAEBV?$Scalar_@N@1@PEAXHH@Z)，该符号在函数 "public: void __cdecl cv::FilterEngine::init(struct cv::Ptr<class cv::BaseFilter> const &,struct cv::Ptr<class cv::BaseRowFilter> const &,struct cv::Ptr<class cv::BaseColumnFilter> const &,int,int,int,int,int,class cv::Scalar_<double> const &)" (?init@FilterEngine@cv@@QEAAXAEBU?$Ptr@VBaseFilter@cv@@@2@AEBU?$Ptr@VBaseRowFilter@cv@@@2@AEBU?$Ptr@VBaseColumnFilter@cv@@@2@HHHHHAEBV?$Scalar_@N@2@@Z) 中被引用
filter.obj : error LNK2019: 无法解析的外部符号 "public: int __cdecl cv::ocl::Device::type(void)const " (?type@Device@ocl@cv@@QEBAHXZ)，该符号在函数 "bool __cdecl cv::ocl_filter2D(class cv::_InputArray const &,class cv::_OutputArray const &,int,class cv::_InputArray const &,class cv::Point_<int>,double,int)" (?ocl_filter2D@cv@@YA_NAEBV_InputArray@1@AEBV_OutputArray@1@H0V?$Point_@H@1@NH@Z) 中被引用
templmatch.obj : error LNK2001: 无法解析的外部符号 "public: int __cdecl cv::ocl::Device::type(void)const " (?type@Device@ocl@cv@@QEBAHXZ)
filter.obj : error LNK2019: 无法解析的外部符号 "public: __cdecl cv::ocl::Kernel::Kernel(void)" (??0Kernel@ocl@cv@@QEAA@XZ)，该符号在函数 "bool __cdecl cv::ocl_filter2D(class cv::_InputArray const &,class cv::_OutputArray const &,int,class cv::_InputArray const &,class cv::Point_<int>,double,int)" (?ocl_filter2D@cv@@YA_NAEBV_InputArray@1@AEBV_OutputArray@1@H0V?$Point_@H@1@NH@Z) 中被引用
filter.obj : error LNK2019: 无法解析的外部符号 "public: bool __cdecl cv::ocl::Kernel::create(char const *,class cv::ocl::ProgramSource const &,class cv::String const &,class cv::String *)" (?create@Kernel@ocl@cv@@QEAA_NPEBDAEBVProgramSource@23@AEBVString@3@PEAV53@@Z)，该符号在函数 "bool __cdecl cv::ocl_filter2D(class cv::_InputArray const &,class cv::_OutputArray const &,int,class cv::_InputArray const &,class cv::Point_<int>,double,int)" (?ocl_filter2D@cv@@YA_NAEBV_InputArray@1@AEBV_OutputArray@1@H0V?$Point_@H@1@NH@Z) 中被引用
filter.obj : error LNK2019: 无法解析的外部符号 "public: unsigned __int64 __cdecl cv::ocl::Kernel::workGroupSize(void)const " (?workGroupSize@Kernel@ocl@cv@@QEBA_KXZ)，该符号在函数 "bool __cdecl cv::ocl_filter2D(class cv::_InputArray const &,class cv::_OutputArray const &,int,class cv::_InputArray const &,class cv::Point_<int>,double,int)" (?ocl_filter2D@cv@@YA_NAEBV_InputArray@1@AEBV_OutputArray@1@H0V?$Point_@H@1@NH@Z) 中被引用
sumpixels.obj : error LNK2019: 无法解析的外部符号 "public: bool __cdecl cv::_OutputArray::needed(void)const " (?needed@_OutputArray@cv@@QEBA_NXZ)，该符号在函数 "void __cdecl cv::integral(class cv::_InputArray const &,class cv::_OutputArray const &,class cv::_OutputArray const &,class cv::_OutputArray const &,int,int)" (?integral@cv@@YAXAEBV_InputArray@1@AEBV_OutputArray@1@11HH@Z) 中被引用
templmatch.obj : error LNK2019: 无法解析的外部符号 "public: bool __cdecl cv::_InputArray::empty(void)const " (?empty@_InputArray@cv@@QEBA_NXZ)，该符号在函数 "void __cdecl cv::matchTemplate(class cv::_InputArray const &,class cv::_InputArray const &,class cv::_OutputArray const &,int,class cv::_InputArray const &)" (?matchTemplate@cv@@YAXAEBV_InputArray@1@0AEBV_OutputArray@1@H0@Z) 中被引用
templmatch.obj : error LNK2019: 无法解析的外部符号 "public: __cdecl cv::Mat::Mat(class cv::Mat const &,class cv::Rect_<int> const &)" (??0Mat@cv@@QEAA@AEBV01@AEBV?$Rect_@H@1@@Z)，该符号在函数 "void __cdecl cv::crossCorr(class cv::Mat const &,class cv::Mat const &,class cv::Mat &,class cv::Size_<int>,int,class cv::Point_<int>,double,int)" (?crossCorr@cv@@YAXAEBVMat@1@0AEAV21@V?$Size_@H@1@HV?$Point_@H@1@NH@Z) 中被引用
templmatch.obj : error LNK2019: 无法解析的外部符号 "public: class cv::Mat & __cdecl cv::Mat::operator=(class cv::Scalar_<double> const &)" (??4Mat@cv@@QEAAAEAV01@AEBV?$Scalar_@N@1@@Z)，该符号在函数 "void __cdecl cv::common_matchTemplate(class cv::Mat &,class cv::Mat &,class cv::Mat &,int,int)" (?common_matchTemplate@cv@@YAXAEAVMat@1@00HH@Z) 中被引用
templmatch.obj : error LNK2019: 无法解析的外部符号 "public: class cv::MatExpr __cdecl cv::Mat::mul(class cv::_InputArray const &,double)const " (?mul@Mat@cv@@QEBA?AVMatExpr@2@AEBV_InputArray@2@N@Z)，该符号在函数 "void __cdecl cv::matchTemplateMask(class cv::_InputArray const &,class cv::_InputArray const &,class cv::_OutputArray const &,int,class cv::_InputArray const &)" (?matchTemplateMask@cv@@YAXAEBV_InputArray@1@0AEBV_OutputArray@1@H0@Z) 中被引用
templmatch.obj : error LNK2019: 无法解析的外部符号 "public: class cv::Mat & __cdecl cv::Mat::adjustROI(int,int,int,int)" (?adjustROI@Mat@cv@@QEAAAEAV12@HHHH@Z)，该符号在函数 "void __cdecl cv::crossCorr(class cv::Mat const &,class cv::Mat const &,class cv::Mat &,class cv::Size_<int>,int,class cv::Point_<int>,double,int)" (?crossCorr@cv@@YAXAEBVMat@1@0AEAV21@V?$Size_@H@1@HV?$Point_@H@1@NH@Z) 中被引用
templmatch.obj : error LNK2019: 无法解析的外部符号 "public: __cdecl cv::UMat::UMat(class cv::UMat const &,class cv::Rect_<int> const &)" (??0UMat@cv@@QEAA@AEBV01@AEBV?$Rect_@H@1@@Z)，该符号在函数 "bool __cdecl cv::convolve_dft(class cv::_InputArray const &,class cv::_InputArray const &,class cv::_OutputArray const &)" (?convolve_dft@cv@@YA_NAEBV_InputArray@1@0AEBV_OutputArray@1@@Z) 中被引用
templmatch.obj : error LNK2019: 无法解析的外部符号 "public: void __cdecl cv::UMat::copyTo(class cv::_OutputArray const &)const " (?copyTo@UMat@cv@@QEBAXAEBV_OutputArray@2@@Z)，该符号在函数 "bool __cdecl cv::convolve_dft(class cv::_InputArray const &,class cv::_InputArray const &,class cv::_OutputArray const &)" (?convolve_dft@cv@@YA_NAEBV_InputArray@1@0AEBV_OutputArray@1@@Z) 中被引用
templmatch.obj : error LNK2019: 无法解析的外部符号 "public: void __cdecl cv::UMat::convertTo(class cv::_OutputArray const &,int,double,double)const " (?convertTo@UMat@cv@@QEBAXAEBV_OutputArray@2@HNN@Z)，该符号在函数 "bool __cdecl cv::matchTemplate_CCORR(class cv::_InputArray const &,class cv::_InputArray const &,class cv::_OutputArray const &)" (?matchTemplate_CCORR@cv@@YA_NAEBV_InputArray@1@0AEBV_OutputArray@1@@Z) 中被引用
templmatch.obj : error LNK2019: 无法解析的外部符号 "public: class cv::UMat & __cdecl cv::UMat::operator=(class cv::Scalar_<double> const &)" (??4UMat@cv@@QEAAAEAV01@AEBV?$Scalar_@N@1@@Z)，该符号在函数 "bool __cdecl cv::matchTemplate_CCOEFF_NORMED(class cv::_InputArray const &,class cv::_InputArray const &,class cv::_OutputArray const &)" (?matchTemplate_CCOEFF_NORMED@cv@@YA_NAEBV_InputArray@1@0AEBV_OutputArray@1@@Z) 中被引用
templmatch.obj : error LNK2019: 无法解析的外部符号 "public: class cv::UMat __cdecl cv::UMat::reshape(int,int)const " (?reshape@UMat@cv@@QEBA?AV12@HH@Z)，该符号在函数 "bool __cdecl cv::convolve_32F(class cv::_InputArray const &,class cv::_InputArray const &,class cv::_OutputArray const &)" (?convolve_32F@cv@@YA_NAEBV_InputArray@1@0AEBV_OutputArray@1@@Z) 中被引用
templmatch.obj : error LNK2019: 无法解析的外部符号 "public: void __cdecl cv::UMat::copySize(class cv::UMat const &)" (?copySize@UMat@cv@@QEAAXAEBV12@@Z)，该符号在函数 "bool __cdecl cv::convolve_dft(class cv::_InputArray const &,class cv::_InputArray const &,class cv::_OutputArray const &)" (?convolve_dft@cv@@YA_NAEBV_InputArray@1@0AEBV_OutputArray@1@@Z) 中被引用
templmatch.obj : error LNK2019: 无法解析的外部符号 "class cv::MatExpr __cdecl cv::operator*(class cv::Mat const &,double)" (??Dcv@@YA?AVMatExpr@0@AEBVMat@0@N@Z)，该符号在函数 "void __cdecl cv::matchTemplateMask(class cv::_InputArray const &,class cv::_InputArray const &,class cv::_OutputArray const &,int,class cv::_InputArray const &)" (?matchTemplateMask@cv@@YAXAEBV_InputArray@1@0AEBV_OutputArray@1@H0@Z) 中被引用
templmatch.obj : error LNK2019: 无法解析的外部符号 "class cv::MatExpr __cdecl cv::operator/(double,class cv::Mat const &)" (??Kcv@@YA?AVMatExpr@0@NAEBVMat@0@@Z)，该符号在函数 "void __cdecl cv::matchTemplateMask(class cv::_InputArray const &,class cv::_InputArray const &,class cv::_OutputArray const &,int,class cv::_InputArray const &)" (?matchTemplateMask@cv@@YAXAEBV_InputArray@1@0AEBV_OutputArray@1@H0@Z) 中被引用
templmatch.obj : error LNK2019: 无法解析的外部符号 "void __cdecl cv::copyMakeBorder(class cv::_InputArray const &,class cv::_OutputArray const &,int,int,int,int,int,class cv::Scalar_<double> const &)" (?copyMakeBorder@cv@@YAXAEBV_InputArray@1@AEBV_OutputArray@1@HHHHHAEBV?$Scalar_@N@1@@Z)，该符号在函数 "bool __cdecl cv::convolve_dft(class cv::_InputArray const &,class cv::_InputArray const &,class cv::_OutputArray const &)" (?convolve_dft@cv@@YA_NAEBV_InputArray@1@0AEBV_OutputArray@1@@Z) 中被引用
templmatch.obj : error LNK2019: 无法解析的外部符号 "void __cdecl cv::multiply(class cv::_InputArray const &,class cv::_InputArray const &,class cv::_OutputArray const &,double,int)" (?multiply@cv@@YAXAEBV_InputArray@1@0AEBV_OutputArray@1@NH@Z)，该符号在函数 "bool __cdecl cv::matchTemplate_CCOEFF_NORMED(class cv::_InputArray const &,class cv::_InputArray const &,class cv::_OutputArray const &)" (?matchTemplate_CCOEFF_NORMED@cv@@YA_NAEBV_InputArray@1@0AEBV_OutputArray@1@@Z) 中被引用
templmatch.obj : error LNK2019: 无法解析的外部符号 "class cv::Scalar_<double> __cdecl cv::sum(class cv::_InputArray const &)" (?sum@cv@@YA?AV?$Scalar_@N@1@AEBV_InputArray@1@@Z)，该符号在函数 "bool __cdecl cv::matchTemplate_CCOEFF_NORMED(class cv::_InputArray const &,class cv::_InputArray const &,class cv::_OutputArray const &)" (?matchTemplate_CCOEFF_NORMED@cv@@YA_NAEBV_InputArray@1@0AEBV_OutputArray@1@@Z) 中被引用
templmatch.obj : error LNK2019: 无法解析的外部符号 "class cv::Scalar_<double> __cdecl cv::mean(class cv::_InputArray const &,class cv::_InputArray const &)" (?mean@cv@@YA?AV?$Scalar_@N@1@AEBV_InputArray@1@0@Z)，该符号在函数 "void __cdecl cv::common_matchTemplate(class cv::Mat &,class cv::Mat &,class cv::Mat &,int,int)" (?common_matchTemplate@cv@@YAXAEAVMat@1@00HH@Z) 中被引用
templmatch.obj : error LNK2019: 无法解析的外部符号 "void __cdecl cv::meanStdDev(class cv::_InputArray const &,class cv::_OutputArray const &,class cv::_OutputArray const &,class cv::_InputArray const &)" (?meanStdDev@cv@@YAXAEBV_InputArray@1@AEBV_OutputArray@1@10@Z)，该符号在函数 "void __cdecl cv::common_matchTemplate(class cv::Mat &,class cv::Mat &,class cv::Mat &,int,int)" (?common_matchTemplate@cv@@YAXAEAVMat@1@00HH@Z) 中被引用
templmatch.obj : error LNK2019: 无法解析的外部符号 "void __cdecl cv::mixChannels(class cv::Mat const *,unsigned __int64,class cv::Mat *,unsigned __int64,int const *,unsigned __int64)" (?mixChannels@cv@@YAXPEBVMat@1@_KPEAV21@1PEBH1@Z)，该符号在函数 "void __cdecl cv::crossCorr(class cv::Mat const &,class cv::Mat const &,class cv::Mat &,class cv::Size_<int>,int,class cv::Point_<int>,double,int)" (?crossCorr@cv@@YAXAEBVMat@1@0AEAV21@V?$Size_@H@1@HV?$Point_@H@1@NH@Z) 中被引用
templmatch.obj : error LNK2019: 无法解析的外部符号 "void __cdecl cv::compare(class cv::_InputArray const &,class cv::_InputArray const &,class cv::_OutputArray const &,int)" (?compare@cv@@YAXAEBV_InputArray@1@0AEBV_OutputArray@1@H@Z)，该符号在函数 "void __cdecl cv::matchTemplateMask(class cv::_InputArray const &,class cv::_InputArray const &,class cv::_OutputArray const &,int,class cv::_InputArray const &)" (?matchTemplateMask@cv@@YAXAEBV_InputArray@1@0AEBV_OutputArray@1@H0@Z) 中被引用
templmatch.obj : error LNK2019: 无法解析的外部符号 "void __cdecl cv::sqrt(class cv::_InputArray const &,class cv::_OutputArray const &)" (?sqrt@cv@@YAXAEBV_InputArray@1@AEBV_OutputArray@1@@Z)，该符号在函数 "void __cdecl cv::matchTemplateMask(class cv::_InputArray const &,class cv::_InputArray const &,class cv::_OutputArray const &,int,class cv::_InputArray const &)" (?matchTemplateMask@cv@@YAXAEBV_InputArray@1@0AEBV_OutputArray@1@H0@Z) 中被引用
templmatch.obj : error LNK2019: 无法解析的外部符号 "void __cdecl cv::dft(class cv::_InputArray const &,class cv::_OutputArray const &,int,int)" (?dft@cv@@YAXAEBV_InputArray@1@AEBV_OutputArray@1@HH@Z)，该符号在函数 "bool __cdecl cv::convolve_dft(class cv::_InputArray const &,class cv::_InputArray const &,class cv::_OutputArray const &)" (?convolve_dft@cv@@YA_NAEBV_InputArray@1@0AEBV_OutputArray@1@@Z) 中被引用
templmatch.obj : error LNK2019: 无法解析的外部符号 "void __cdecl cv::mulSpectrums(class cv::_InputArray const &,class cv::_InputArray const &,class cv::_OutputArray const &,int,bool)" (?mulSpectrums@cv@@YAXAEBV_InputArray@1@0AEBV_OutputArray@1@H_N@Z)，该符号在函数 "bool __cdecl cv::convolve_dft(class cv::_InputArray const &,class cv::_InputArray const &,class cv::_OutputArray const &)" (?convolve_dft@cv@@YA_NAEBV_InputArray@1@0AEBV_OutputArray@1@@Z) 中被引用
templmatch.obj : error LNK2019: 无法解析的外部符号 "int __cdecl cv::getOptimalDFTSize(int)" (?getOptimalDFTSize@cv@@YAHH@Z)，该符号在函数 "public: void __cdecl cv::ConvolveBuf::create(class cv::Size_<int>,class cv::Size_<int>)" (?create@ConvolveBuf@cv@@QEAAXV?$Size_@H@2@0@Z) 中被引用
templmatch.obj : error LNK2019: 无法解析的外部符号 "public: static struct cv::Ptr<struct cv::hal::DFT2D> __cdecl cv::hal::DFT2D::create(int,int,int,int,int,int,int)" (?create@DFT2D@hal@cv@@SA?AU?$Ptr@UDFT2D@hal@cv@@@3@HHHHHHH@Z)，该符号在函数 "void __cdecl cv::crossCorr(class cv::Mat const &,class cv::Mat const &,class cv::Mat &,class cv::Size_<int>,int,class cv::Point_<int>,double,int)" (?crossCorr@cv@@YAXAEBVMat@1@0AEAV21@V?$Size_@H@1@HV?$Point_@H@1@NH@Z) 中被引用
resize.avx2.obj : error LNK2019: 无法解析的外部符号 "public: virtual __cdecl cv::ParallelLoopBody::~ParallelLoopBody(void)" (??1ParallelLoopBody@cv@@UEAA@XZ)，该符号在函数 "public: virtual __cdecl cv::opt_AVX2::resizeNNInvokerAVX2::~resizeNNInvokerAVX2(void)" (??1resizeNNInvokerAVX2@opt_AVX2@cv@@UEAA@XZ) 中被引用
resize.sse4_1.obj : error LNK2001: 无法解析的外部符号 "public: virtual __cdecl cv::ParallelLoopBody::~ParallelLoopBody(void)" (??1ParallelLoopBody@cv@@UEAA@XZ)
resize.avx2.obj : error LNK2019: 无法解析的外部符号 "void __cdecl cv::parallel_for_(class cv::Range const &,class cv::ParallelLoopBody const &,double)" (?parallel_for_@cv@@YAXAEBVRange@1@AEBVParallelLoopBody@1@N@Z)，该符号在函数 "void __cdecl cv::opt_AVX2::resizeNN2_AVX2(class cv::Range const &,class cv::Mat const &,class cv::Mat &,int *,int,double)" (?resizeNN2_AVX2@opt_AVX2@cv@@YAXAEBVRange@2@AEBVMat@2@AEAV42@PEAHHN@Z) 中被引用
resize.sse4_1.obj : error LNK2001: 无法解析的外部符号 "void __cdecl cv::parallel_for_(class cv::Range const &,class cv::ParallelLoopBody const &,double)" (?parallel_for_@cv@@YAXAEBVRange@1@AEBVParallelLoopBody@1@N@Z)
target\sobel.dll : fatal error LNK1120: 97 个无法解析的外部命令
