d:\documents\api-main\kmeans\x64\release\vc141.pdb
d:\documents\api-main\kmeans\x64\release\kmeans.obj
d:\documents\api\kmeans\x64\release\vc141.pdb
d:\documents\api\kmeans\x64\release\kmeans.obj
d:\documents\api-main\x64\release\kmeans.lib
d:\documents\api-main\x64\release\kmeans.exp
d:\documents\api-main\x64\release\kmeans.ipdb
d:\documents\api-main\x64\release\kmeans.iobj
d:\documents\api\x64\release\kmeans.lib
d:\documents\api\x64\release\kmeans.exp
d:\documents\api\x64\release\kmeans.ipdb
d:\documents\api\x64\release\kmeans.iobj
d:\documents\api-main\x64\release\kmeans.dll
d:\documents\api-main\x64\release\kmeans.pdb
d:\documents\api\x64\release\kmeans.dll
d:\documents\api\x64\release\kmeans.pdb
c:\users\zwq\desktop\api\kmeans\x64\release\kmeans.obj
c:\users\zwq\desktop\api\kmeans\x64\release\vc141.pdb
c:\users\zwq\desktop\api\x64\release\kmeans.pdb
c:\users\zwq\desktop\api\x64\release\kmeans.dll
c:\users\zwq\desktop\api\kmeans\x64\release\kmeans.tlog\cl.command.1.tlog
c:\users\zwq\desktop\api\kmeans\x64\release\kmeans.tlog\cl.read.1.tlog
c:\users\zwq\desktop\api\kmeans\x64\release\kmeans.tlog\cl.write.1.tlog
c:\users\zwq\desktop\api\kmeans\x64\release\kmeans.tlog\kmeans.write.1u.tlog
c:\users\zwq\desktop\api\kmeans\x64\release\kmeans.tlog\link.command.1.tlog
c:\users\zwq\desktop\api\kmeans\x64\release\kmeans.tlog\link.read.1.tlog
c:\users\zwq\desktop\api\kmeans\x64\release\kmeans.tlog\link.write.1.tlog
