\BOOKMARK [0][-]{chapter.1}{\376\377\0001\000\040\000G\000e\000l\000i\000\040\000V\000i\000s\000i\000o\000n}{}% 1
\BOOKMARK [0][-]{chapter.2}{\376\377\0002\000\040\123\302\200\003\145\207\163\056}{}% 2
\BOOKMARK [1][-]{section.2.1}{\376\377\0002\000.\0001\000\040\000V\000u\000e}{chapter.2}% 3
\BOOKMARK [1][-]{section.2.2}{\376\377\0002\000.\0002\000\040\000E\000l\000e\000m\000e\000n\000t\000-\000P\000l\000u\000s}{chapter.2}% 4
\BOOKMARK [1][-]{section.2.3}{\376\377\0002\000.\0003\000\040\000L\000o\000g\000i\000c\000F\000l\000o\000w}{chapter.2}% 5
\BOOKMARK [1][-]{section.2.4}{\376\377\0002\000.\0004\000\040\000S\000p\000r\000i\000n\000g\000\040\000B\000o\000o\000t}{chapter.2}% 6
\BOOKMARK [1][-]{section.2.5}{\376\377\0002\000.\0005\000\040\000O\000p\000e\000n\000C\000V}{chapter.2}% 7
\BOOKMARK [1][-]{section.2.6}{\376\377\0002\000.\0006\000\040\000S\000o\000c\000k\000e\000t\000.\000I\000O}{chapter.2}% 8
\BOOKMARK [0][-]{chapter.3}{\376\377\0003\000\040\000H\000i\000e\000r\000a\000r\000c\000h\000i\000c\000a\000l\000\040\000I\000n\000d\000e\000x}{}% 9
\BOOKMARK [1][-]{section.3.1}{\376\377\0003\000.\0001\000\040\000C\000l\000a\000s\000s\000\040\000H\000i\000e\000r\000a\000r\000c\000h\000y}{chapter.3}% 10
\BOOKMARK [0][-]{chapter.4}{\376\377\0004\000\040\000C\000l\000a\000s\000s\000\040\000I\000n\000d\000e\000x}{}% 11
\BOOKMARK [1][-]{section.4.1}{\376\377\0004\000.\0001\000\040\000C\000l\000a\000s\000s\000\040\000L\000i\000s\000t}{chapter.4}% 12
\BOOKMARK [0][-]{chapter.5}{\376\377\0005\000\040\000F\000i\000l\000e\000\040\000I\000n\000d\000e\000x}{}% 13
\BOOKMARK [1][-]{section.5.1}{\376\377\0005\000.\0001\000\040\000F\000i\000l\000e\000\040\000L\000i\000s\000t}{chapter.5}% 14
\BOOKMARK [0][-]{chapter.6}{\376\377\0006\000\040\000C\000l\000a\000s\000s\000\040\000D\000o\000c\000u\000m\000e\000n\000t\000a\000t\000i\000o\000n}{}% 15
\BOOKMARK [1][-]{section.6.1}{\376\377\0006\000.\0001\000\040\000O\000b\000j\000e\000c\000t\000<\000\040\000T\000\040\000>\000\040\000S\000t\000r\000u\000c\000t\000\040\000T\000e\000m\000p\000l\000a\000t\000e\000\040\000R\000e\000f\000e\000r\000e\000n\000c\000e}{chapter.6}% 16
\BOOKMARK [2][-]{subsection.6.1.1}{\376\377\0006\000.\0001\000.\0001\000\040\000D\000e\000t\000a\000i\000l\000e\000d\000\040\000D\000e\000s\000c\000r\000i\000p\000t\000i\000o\000n}{section.6.1}% 17
\BOOKMARK [2][-]{subsection.6.1.2}{\376\377\0006\000.\0001\000.\0002\000\040\000C\000o\000n\000s\000t\000r\000u\000c\000t\000o\000r\000\040\000\046\000\040\000D\000e\000s\000t\000r\000u\000c\000t\000o\000r\000\040\000D\000o\000c\000u\000m\000e\000n\000t\000a\000t\000i\000o\000n}{section.6.1}% 18
\BOOKMARK [3][-]{subsubsection.6.1.2.1}{\376\377\0006\000.\0001\000.\0002\000.\0001\000\040\000O\000b\000j\000e\000c\000t\000\050\000\051}{subsection.6.1.2}% 19
\BOOKMARK [2][-]{subsection.6.1.3}{\376\377\0006\000.\0001\000.\0003\000\040\000M\000e\000m\000b\000e\000r\000\040\000F\000u\000n\000c\000t\000i\000o\000n\000\040\000D\000o\000c\000u\000m\000e\000n\000t\000a\000t\000i\000o\000n}{section.6.1}% 20
\BOOKMARK [3][-]{subsubsection.6.1.3.1}{\376\377\0006\000.\0001\000.\0003\000.\0001\000\040\000i\000n\000n\000e\000r\000\050\000\051}{subsection.6.1.3}% 21
\BOOKMARK [3][-]{subsubsection.6.1.3.2}{\376\377\0006\000.\0001\000.\0003\000.\0002\000\040\000i\000n\000n\000e\000r\000\137\000c\000o\000n\000s\000t\000\137\000r\000e\000f\000\050\000\051}{subsection.6.1.3}% 22
\BOOKMARK [3][-]{subsubsection.6.1.3.3}{\376\377\0006\000.\0001\000.\0003\000.\0003\000\040\000i\000n\000n\000e\000r\000\137\000r\000e\000f\000\050\000\051}{subsection.6.1.3}% 23
\BOOKMARK [1][-]{section.6.2}{\376\377\0006\000.\0002\000\040\000O\000b\000j\000e\000c\000t\000B\000a\000s\000e\000\040\000S\000t\000r\000u\000c\000t\000\040\000R\000e\000f\000e\000r\000e\000n\000c\000e}{chapter.6}% 24
\BOOKMARK [2][-]{subsection.6.2.1}{\376\377\0006\000.\0002\000.\0001\000\040\000D\000e\000t\000a\000i\000l\000e\000d\000\040\000D\000e\000s\000c\000r\000i\000p\000t\000i\000o\000n}{section.6.2}% 25
\BOOKMARK [0][-]{chapter.7}{\376\377\0007\000\040\000F\000i\000l\000e\000\040\000D\000o\000c\000u\000m\000e\000n\000t\000a\000t\000i\000o\000n}{}% 26
\BOOKMARK [1][-]{section.7.1}{\376\377\0007\000.\0001\000\040\000g\000e\000n\000e\000r\000a\000l\000.\000c\000p\000p\000\040\000F\000i\000l\000e\000\040\000R\000e\000f\000e\000r\000e\000n\000c\000e}{chapter.7}% 27
\BOOKMARK [2][-]{subsection.7.1.1}{\376\377\0007\000.\0001\000.\0001\000\040\000D\000e\000t\000a\000i\000l\000e\000d\000\040\000D\000e\000s\000c\000r\000i\000p\000t\000i\000o\000n}{section.7.1}% 28
\BOOKMARK [2][-]{subsection.7.1.2}{\376\377\0007\000.\0001\000.\0002\000\040\000F\000u\000n\000c\000t\000i\000o\000n\000\040\000D\000o\000c\000u\000m\000e\000n\000t\000a\000t\000i\000o\000n}{section.7.1}% 29
\BOOKMARK [3][-]{subsubsection.7.1.2.1}{\376\377\0007\000.\0001\000.\0002\000.\0001\000\040\000c\000o\000n\000v\000e\000r\000t\000\137\000c\000o\000l\000o\000r\000\050\000\051}{subsection.7.1.2}% 30
\BOOKMARK [3][-]{subsubsection.7.1.2.2}{\376\377\0007\000.\0001\000.\0002\000.\0002\000\040\000d\000r\000a\000w\000\137\000c\000o\000n\000t\000o\000u\000r\000s\000\050\000\051}{subsection.7.1.2}% 31
\BOOKMARK [3][-]{subsubsection.7.1.2.3}{\376\377\0007\000.\0001\000.\0002\000.\0003\000\040\000f\000i\000n\000d\000\137\000c\000o\000n\000t\000o\000u\000r\000s\000\050\000\051}{subsection.7.1.2}% 32
\BOOKMARK [3][-]{subsubsection.7.1.2.4}{\376\377\0007\000.\0001\000.\0002\000.\0004\000\040\000m\000e\000d\000i\000a\000n\000\137\000b\000l\000u\000r\000\050\000\051}{subsection.7.1.2}% 33
\BOOKMARK [3][-]{subsubsection.7.1.2.5}{\376\377\0007\000.\0001\000.\0002\000.\0005\000\040\000m\000o\000r\000p\000h\000\137\000c\000l\000o\000s\000e\000\050\000\051}{subsection.7.1.2}% 34
\BOOKMARK [3][-]{subsubsection.7.1.2.6}{\376\377\0007\000.\0001\000.\0002\000.\0006\000\040\000m\000o\000r\000p\000h\000\137\000o\000p\000e\000n\000\050\000\051}{subsection.7.1.2}% 35
\BOOKMARK [3][-]{subsubsection.7.1.2.7}{\376\377\0007\000.\0001\000.\0002\000.\0007\000\040\000r\000e\000a\000d\000\050\000\051}{subsection.7.1.2}% 36
\BOOKMARK [3][-]{subsubsection.7.1.2.8}{\376\377\0007\000.\0001\000.\0002\000.\0008\000\040\000s\000h\000o\000w\000\050\000\051}{subsection.7.1.2}% 37
\BOOKMARK [3][-]{subsubsection.7.1.2.9}{\376\377\0007\000.\0001\000.\0002\000.\0009\000\040\000t\000h\000r\000e\000s\000h\000o\000l\000d\000\050\000\051}{subsection.7.1.2}% 38
\BOOKMARK [1][-]{section.7.2}{\376\377\0007\000.\0002\000\040\000o\000b\000j\000e\000c\000t\000.\000h\000\040\000F\000i\000l\000e\000\040\000R\000e\000f\000e\000r\000e\000n\000c\000e}{chapter.7}% 39
\BOOKMARK [2][-]{subsection.7.2.1}{\376\377\0007\000.\0002\000.\0001\000\040\000D\000e\000t\000a\000i\000l\000e\000d\000\040\000D\000e\000s\000c\000r\000i\000p\000t\000i\000o\000n}{section.7.2}% 40
\BOOKMARK [2][-]{subsection.7.2.2}{\376\377\0007\000.\0002\000.\0002\000\040\000F\000u\000n\000c\000t\000i\000o\000n\000\040\000D\000o\000c\000u\000m\000e\000n\000t\000a\000t\000i\000o\000n}{section.7.2}% 41
\BOOKMARK [3][-]{subsubsection.7.2.2.1}{\376\377\0007\000.\0002\000.\0002\000.\0001\000\040\000g\000e\000t\000\137\000i\000n\000n\000e\000r\000\050\000\051}{subsection.7.2.2}% 42
\BOOKMARK [3][-]{subsubsection.7.2.2.2}{\376\377\0007\000.\0002\000.\0002\000.\0002\000\040\000g\000e\000t\000\137\000i\000n\000n\000e\000r\000\137\000c\000o\000n\000s\000t\000\137\000r\000e\000f\000\050\000\051}{subsection.7.2.2}% 43
\BOOKMARK [3][-]{subsubsection.7.2.2.3}{\376\377\0007\000.\0002\000.\0002\000.\0003\000\040\000g\000e\000t\000\137\000i\000n\000n\000e\000r\000\137\000r\000e\000f\000\050\000\051}{subsection.7.2.2}% 44
\BOOKMARK [3][-]{subsubsection.7.2.2.4}{\376\377\0007\000.\0002\000.\0002\000.\0004\000\040\000m\000a\000k\000e\000\137\000p\000a\000r\000a\000m\000\050\000\051}{subsection.7.2.2}% 45
\BOOKMARK [1][-]{section.7.3}{\376\377\0007\000.\0003\000\040\000o\000b\000j\000e\000c\000t\000.\000h}{chapter.7}% 46
\BOOKMARK [0][-]{section*.10}{\376\377\000I\000n\000d\000e\000x}{}% 47
