c:\users\zwq\desktop\b\sobel\x64\release\vc141.pdb
c:\users\zwq\desktop\b\sobel\x64\release\templmatch.obj
c:\users\zwq\desktop\b\sobel\x64\release\sumpixels.obj
c:\users\zwq\desktop\b\sobel\x64\release\opencv_imgproc_pch.obj
c:\users\zwq\desktop\b\sobel\x64\release\opencl_kernels_imgproc.obj
c:\users\zwq\desktop\b\sobel\x64\release\filter.obj
c:\users\zwq\desktop\b\sobel\x64\release\deriv.obj
c:\users\zwq\desktop\api\sobel\x64\release\deriv.obj
c:\users\zwq\desktop\api\sobel\x64\release\filter.obj
c:\users\zwq\desktop\api\sobel\x64\release\opencl_kernels_imgproc.obj
c:\users\zwq\desktop\api\sobel\x64\release\opencv_imgproc_pch.obj
c:\users\zwq\desktop\api\sobel\x64\release\sumpixels.obj
c:\users\zwq\desktop\api\sobel\x64\release\templmatch.obj
c:\users\zwq\desktop\api\sobel\x64\release\vc141.pdb
c:\users\zwq\desktop\api\sobel\target\sobel.dll
c:\users\zwq\desktop\api\sobel\x64\release\sobel.tlog\cl.command.1.tlog
c:\users\zwq\desktop\api\sobel\x64\release\sobel.tlog\cl.read.1.tlog
c:\users\zwq\desktop\api\sobel\x64\release\sobel.tlog\cl.write.1.tlog
c:\users\zwq\desktop\api\sobel\x64\release\sobel.tlog\link.command.1.tlog
c:\users\zwq\desktop\api\sobel\x64\release\sobel.tlog\link.read.1.tlog
c:\users\zwq\desktop\api\sobel\x64\release\sobel.tlog\link.write.1.tlog
